<?xml version="1.0" encoding="UTF-8"?>
<!-- Generated by org.testng.reporters.JUnitXMLReporter -->
<testsuite hostname="Munna-Yadavs-MacBook-Pro.local" ignored="11" name="Web-Automation" tests="2" failures="2" timestamp="2021-06-14T00:25:09 IST" time="304.34" errors="0">
  <testcase name="@AfterMethod extentReportsFailOperation" time="0.075" classname="webqa.ensurity.base.BaseTest">
    <failure type="org.openqa.selenium.UnhandledAlertException" message="unexpected alert open: {Alert text : }
  (Session info: chrome=91.0.4472.101): {Alert text : 
Build info: version: &amp;apos;3.141.59&amp;apos;, revision: &amp;apos;e82be7d358&amp;apos;, time: &amp;apos;2018-11-14T08:17:03&amp;apos;
System info: host: &amp;apos;Munna-Yadavs-MacBook-Pro.local&amp;apos;, ip: &amp;apos;2402:e280:2160:1f0:482b:e46c:ddf4:34c4%en0&amp;apos;, os.name: &amp;apos;Mac OS X&amp;apos;, os.arch: &amp;apos;x86_64&amp;apos;, os.version: &amp;apos;10.16&amp;apos;, java.version: &amp;apos;1.8.0_271&amp;apos;
Driver info: org.openqa.selenium.chrome.ChromeDriver
Capabilities {acceptInsecureCerts: false, browserName: chrome, browserVersion: 91.0.4472.101, chrome: {chromedriverVersion: 90.0.4430.24 (4c6d850f087da..., userDataDir: /var/folders/7v/p8vklgj97_g...}, goog:chromeOptions: {debuggerAddress: localhost:64140}, javascriptEnabled: true, networkConnectionEnabled: false, pageLoadStrategy: normal, platform: MAC, platformName: MAC, proxy: Proxy(), setWindowRect: true, strictFileInteractability: false, timeouts: {implicit: 0, pageLoad: 300000, script: 30000}, unhandledPromptBehavior: dismiss and notify, webauthn:extension:largeBlob: true, webauthn:virtualAuthenticators: true}
Session ID: 1d7393a91275f8c4b7163492cdc70d64">
      <![CDATA[org.openqa.selenium.UnhandledAlertException: unexpected alert open: {Alert text : }
  (Session info: chrome=91.0.4472.101): {Alert text : 
Build info: version: '3.141.59', revision: 'e82be7d358', time: '2018-11-14T08:17:03'
System info: host: 'Munna-Yadavs-MacBook-Pro.local', ip: '2402:e280:2160:1f0:482b:e46c:ddf4:34c4%en0', os.name: 'Mac OS X', os.arch: 'x86_64', os.version: '10.16', java.version: '1.8.0_271'
Driver info: org.openqa.selenium.chrome.ChromeDriver
Capabilities {acceptInsecureCerts: false, browserName: chrome, browserVersion: 91.0.4472.101, chrome: {chromedriverVersion: 90.0.4430.24 (4c6d850f087da..., userDataDir: /var/folders/7v/p8vklgj97_g...}, goog:chromeOptions: {debuggerAddress: localhost:64140}, javascriptEnabled: true, networkConnectionEnabled: false, pageLoadStrategy: normal, platform: MAC, platformName: MAC, proxy: Proxy(), setWindowRect: true, strictFileInteractability: false, timeouts: {implicit: 0, pageLoad: 300000, script: 30000}, unhandledPromptBehavior: dismiss and notify, webauthn:extension:largeBlob: true, webauthn:virtualAuthenticators: true}
Session ID: 1d7393a91275f8c4b7163492cdc70d64
at org.openqa.selenium.remote.http.W3CHttpResponseCodec.decode(W3CHttpResponseCodec.java:120)
at org.openqa.selenium.remote.http.W3CHttpResponseCodec.decode(W3CHttpResponseCodec.java:49)
at org.openqa.selenium.remote.HttpCommandExecutor.execute(HttpCommandExecutor.java:158)
at org.openqa.selenium.remote.service.DriverCommandExecutor.execute(DriverCommandExecutor.java:83)
at org.openqa.selenium.remote.RemoteWebDriver.execute(RemoteWebDriver.java:552)
at org.openqa.selenium.remote.RemoteWebDriver.execute(RemoteWebDriver.java:609)
at org.openqa.selenium.remote.RemoteWebDriver.getScreenshotAs(RemoteWebDriver.java:295)
at webqa.ensurity.utilities.ScreenUtil.getBase64Screenshot(ScreenUtil.java:38)
at webqa.ensurity.base.BaseTest.extentReportsFailOperation(BaseTest.java:123)
at java.util.ArrayList.forEach(ArrayList.java:1259)
... Removed 35 stack frames]]>
    </failure>
  </testcase> <!-- @AfterMethod extentReportsFailOperation -->
  <testcase name="@AfterMethod tearDown" time="-1.623610504873E9" classname="webqa.ensurity.base.BaseTest">
    <skipped/>
  </testcase> <!-- @AfterMethod tearDown -->
  <testcase name="verify4wBreakInPolicyPurchageWithIcici" time="180.544" classname="webqa.ensurity.testCases.FourWheeler">
    <failure type="org.openqa.selenium.NoSuchElementException" message="no such element: Unable to locate element: {&amp;quot;method&amp;quot;:&amp;quot;xpath&amp;quot;,&amp;quot;selector&amp;quot;:&amp;quot;//span[text()=&amp;apos;Back Home&amp;apos;]&amp;quot;}
  (Session info: chrome=91.0.4472.101)
For documentation on this error, please visit: https://www.seleniumhq.org/exceptions/no_such_element.html
Build info: version: &amp;apos;3.141.59&amp;apos;, revision: &amp;apos;e82be7d358&amp;apos;, time: &amp;apos;2018-11-14T08:17:03&amp;apos;
System info: host: &amp;apos;Munna-Yadavs-MacBook-Pro.local&amp;apos;, ip: &amp;apos;2402:e280:2160:1f0:482b:e46c:ddf4:34c4%en0&amp;apos;, os.name: &amp;apos;Mac OS X&amp;apos;, os.arch: &amp;apos;x86_64&amp;apos;, os.version: &amp;apos;10.16&amp;apos;, java.version: &amp;apos;1.8.0_271&amp;apos;
Driver info: org.openqa.selenium.chrome.ChromeDriver
Capabilities {acceptInsecureCerts: false, browserName: chrome, browserVersion: 91.0.4472.101, chrome: {chromedriverVersion: 90.0.4430.24 (4c6d850f087da..., userDataDir: /var/folders/7v/p8vklgj97_g...}, goog:chromeOptions: {debuggerAddress: localhost:64034}, javascriptEnabled: true, networkConnectionEnabled: false, pageLoadStrategy: normal, platform: MAC, platformName: MAC, proxy: Proxy(), setWindowRect: true, strictFileInteractability: false, timeouts: {implicit: 0, pageLoad: 300000, script: 30000}, unhandledPromptBehavior: dismiss and notify, webauthn:extension:largeBlob: true, webauthn:virtualAuthenticators: true}
Session ID: 94f38cc4e38b8f9e5006bad7e7b4c853
*** Element info: {Using=xpath, value=//span[text()=&amp;apos;Back Home&amp;apos;]}">
      <![CDATA[org.openqa.selenium.NoSuchElementException: no such element: Unable to locate element: {"method":"xpath","selector":"//span[text()='Back Home']"}
  (Session info: chrome=91.0.4472.101)
For documentation on this error, please visit: https://www.seleniumhq.org/exceptions/no_such_element.html
Build info: version: '3.141.59', revision: 'e82be7d358', time: '2018-11-14T08:17:03'
System info: host: 'Munna-Yadavs-MacBook-Pro.local', ip: '2402:e280:2160:1f0:482b:e46c:ddf4:34c4%en0', os.name: 'Mac OS X', os.arch: 'x86_64', os.version: '10.16', java.version: '1.8.0_271'
Driver info: org.openqa.selenium.chrome.ChromeDriver
Capabilities {acceptInsecureCerts: false, browserName: chrome, browserVersion: 91.0.4472.101, chrome: {chromedriverVersion: 90.0.4430.24 (4c6d850f087da..., userDataDir: /var/folders/7v/p8vklgj97_g...}, goog:chromeOptions: {debuggerAddress: localhost:64034}, javascriptEnabled: true, networkConnectionEnabled: false, pageLoadStrategy: normal, platform: MAC, platformName: MAC, proxy: Proxy(), setWindowRect: true, strictFileInteractability: false, timeouts: {implicit: 0, pageLoad: 300000, script: 30000}, unhandledPromptBehavior: dismiss and notify, webauthn:extension:largeBlob: true, webauthn:virtualAuthenticators: true}
Session ID: 94f38cc4e38b8f9e5006bad7e7b4c853
*** Element info: {Using=xpath, value=//span[text()='Back Home']}
at org.openqa.selenium.remote.http.W3CHttpResponseCodec.createException(W3CHttpResponseCodec.java:187)
at org.openqa.selenium.remote.http.W3CHttpResponseCodec.decode(W3CHttpResponseCodec.java:122)
at org.openqa.selenium.remote.http.W3CHttpResponseCodec.decode(W3CHttpResponseCodec.java:49)
at org.openqa.selenium.remote.HttpCommandExecutor.execute(HttpCommandExecutor.java:158)
at org.openqa.selenium.remote.service.DriverCommandExecutor.execute(DriverCommandExecutor.java:83)
at org.openqa.selenium.remote.RemoteWebDriver.execute(RemoteWebDriver.java:552)
at org.openqa.selenium.remote.RemoteWebDriver.findElement(RemoteWebDriver.java:323)
at org.openqa.selenium.remote.RemoteWebDriver.findElementByXPath(RemoteWebDriver.java:428)
at org.openqa.selenium.By$ByXPath.findElement(By.java:353)
at org.openqa.selenium.remote.RemoteWebDriver.findElement(RemoteWebDriver.java:315)
at org.openqa.selenium.support.pagefactory.DefaultElementLocator.findElement(DefaultElementLocator.java:69)
at org.openqa.selenium.support.pagefactory.internal.LocatingElementHandler.invoke(LocatingElementHandler.java:38)
at com.sun.proxy.$Proxy10.isDisplayed(Unknown Source)
at webqa.ensurity.base.BaseTest.isPaymentPageDisplayed(BaseTest.java:1642)
at webqa.ensurity.testCases.FourWheeler.verify4wBreakInPolicyPurchageWithIcici(FourWheeler.java:878)
at java.util.ArrayList.forEach(ArrayList.java:1259)
... Removed 33 stack frames]]>
    </failure>
  </testcase> <!-- verify4wBreakInPolicyPurchageWithIcici -->
  <testcase name="verify4wBreakInPolicyPurchageWithIcici" time="112.046" classname="webqa.ensurity.testCases.FourWheeler">
    <failure type="org.openqa.selenium.TimeoutException" message="Expected condition failed: waiting for visibility of Proxy element for: DefaultElementLocator &amp;apos;By.xpath: //span[contains(text(),&amp;apos;IDV&amp;apos;)]/following-sibling::span&amp;apos; (tried for 3 second(s) with 500 milliseconds interval)">
      <![CDATA[org.openqa.selenium.TimeoutException: Expected condition failed: waiting for visibility of Proxy element for: DefaultElementLocator 'By.xpath: //span[contains(text(),'IDV')]/following-sibling::span' (tried for 3 second(s) with 500 milliseconds interval)
at org.openqa.selenium.support.ui.WebDriverWait.timeoutException(WebDriverWait.java:95)
at org.openqa.selenium.support.ui.FluentWait.until(FluentWait.java:272)
at webqa.ensurity.base.BaseTest.waitElement(BaseTest.java:140)
at webqa.ensurity.base.BaseTest.getIdvAmount(BaseTest.java:1091)
at webqa.ensurity.testCases.FourWheeler.verify4wBreakInPolicyPurchageWithIcici(FourWheeler.java:845)
at java.util.ArrayList.forEach(ArrayList.java:1259)
Caused by: org.openqa.selenium.NoSuchElementException: no such element: Unable to locate element: {"method":"xpath","selector":"//span[contains(text(),'IDV')]/following-sibling::span"}
  (Session info: chrome=91.0.4472.101)
For documentation on this error, please visit: https://www.seleniumhq.org/exceptions/no_such_element.html
Build info: version: '3.141.59', revision: 'e82be7d358', time: '2018-11-14T08:17:03'
System info: host: 'Munna-Yadavs-MacBook-Pro.local', ip: '2402:e280:2160:1f0:482b:e46c:ddf4:34c4%en0', os.name: 'Mac OS X', os.arch: 'x86_64', os.version: '10.16', java.version: '1.8.0_271'
Driver info: org.openqa.selenium.chrome.ChromeDriver
Capabilities {acceptInsecureCerts: false, browserName: chrome, browserVersion: 91.0.4472.101, chrome: {chromedriverVersion: 90.0.4430.24 (4c6d850f087da..., userDataDir: /var/folders/7v/p8vklgj97_g...}, goog:chromeOptions: {debuggerAddress: localhost:64140}, javascriptEnabled: true, networkConnectionEnabled: false, pageLoadStrategy: normal, platform: MAC, platformName: MAC, proxy: Proxy(), setWindowRect: true, strictFileInteractability: false, timeouts: {implicit: 0, pageLoad: 300000, script: 30000}, unhandledPromptBehavior: dismiss and notify, webauthn:extension:largeBlob: true, webauthn:virtualAuthenticators: true}
Session ID: 1d7393a91275f8c4b7163492cdc70d64
*** Element info: {Using=xpath, value=//span[contains(text(),'IDV')]/following-sibling::span}
at org.openqa.selenium.remote.http.W3CHttpResponseCodec.createException(W3CHttpResponseCodec.java:187)
at org.openqa.selenium.remote.http.W3CHttpResponseCodec.decode(W3CHttpResponseCodec.java:122)
at org.openqa.selenium.remote.http.W3CHttpResponseCodec.decode(W3CHttpResponseCodec.java:49)
at org.openqa.selenium.remote.HttpCommandExecutor.execute(HttpCommandExecutor.java:158)
at org.openqa.selenium.remote.service.DriverCommandExecutor.execute(DriverCommandExecutor.java:83)
at org.openqa.selenium.remote.RemoteWebDriver.execute(RemoteWebDriver.java:552)
at org.openqa.selenium.remote.RemoteWebDriver.findElement(RemoteWebDriver.java:323)
at org.openqa.selenium.remote.RemoteWebDriver.findElementByXPath(RemoteWebDriver.java:428)
at org.openqa.selenium.By$ByXPath.findElement(By.java:353)
at org.openqa.selenium.remote.RemoteWebDriver.findElement(RemoteWebDriver.java:315)
at org.openqa.selenium.support.pagefactory.DefaultElementLocator.findElement(DefaultElementLocator.java:69)
at org.openqa.selenium.support.pagefactory.internal.LocatingElementHandler.invoke(LocatingElementHandler.java:38)
at com.sun.proxy.$Proxy10.isDisplayed(Unknown Source)
at org.openqa.selenium.support.ui.ExpectedConditions.elementIfVisible(ExpectedConditions.java:314)
at org.openqa.selenium.support.ui.ExpectedConditions.access$000(ExpectedConditions.java:43)
at org.openqa.selenium.support.ui.ExpectedConditions$10.apply(ExpectedConditions.java:300)
at org.openqa.selenium.support.ui.ExpectedConditions$10.apply(ExpectedConditions.java:297)
at org.openqa.selenium.support.ui.FluentWait.until(FluentWait.java:249)
... 34 more
... Removed 33 stack frames]]>
    </failure>
  </testcase> <!-- verify4wBreakInPolicyPurchageWithIcici -->
  <testcase name="verify4wRolloverPolicyPurchageWithBajaj" time="0.0" classname="webqa.ensurity.testCases.FourWheeler">
    <ignored/>
  </testcase> <!-- verify4wRolloverPolicyPurchageWithBajaj -->
  <testcase name="verify4wRolloverPolicyPurchageWithTataAig" time="0.0" classname="webqa.ensurity.testCases.FourWheeler">
    <ignored/>
  </testcase> <!-- verify4wRolloverPolicyPurchageWithTataAig -->
  <testcase name="verify2wBreakInPolicyPurchageWithReliance" time="0.0" classname="webqa.ensurity.testCases.FourWheeler">
    <ignored/>
  </testcase> <!-- verify2wBreakInPolicyPurchageWithReliance -->
  <testcase name="verify4wBreakInPolicyPurchageWithHdfcErgo" time="0.0" classname="webqa.ensurity.testCases.FourWheeler">
    <ignored/>
  </testcase> <!-- verify4wBreakInPolicyPurchageWithHdfcErgo -->
  <testcase name="verify4wRolloverPolicyPurchageWithIcici" time="0.0" classname="webqa.ensurity.testCases.FourWheeler">
    <ignored/>
  </testcase> <!-- verify4wRolloverPolicyPurchageWithIcici -->
  <testcase name="verify4wRolloverPolicyPurchageWithHdfcErgo" time="0.0" classname="webqa.ensurity.testCases.FourWheeler">
    <ignored/>
  </testcase> <!-- verify4wRolloverPolicyPurchageWithHdfcErgo -->
  <testcase name="verify4wRolloverPolicyPurchageAddAddonsWithDigit" time="0.0" classname="webqa.ensurity.testCases.FourWheeler">
    <ignored/>
  </testcase> <!-- verify4wRolloverPolicyPurchageAddAddonsWithDigit -->
  <testcase name="verify4wBreakInPolicyPurchageWithBajaj" time="0.0" classname="webqa.ensurity.testCases.FourWheeler">
    <ignored/>
  </testcase> <!-- verify4wBreakInPolicyPurchageWithBajaj -->
  <testcase name="verify4wRolloverPolicyPurchageWithReliance" time="0.0" classname="webqa.ensurity.testCases.FourWheeler">
    <ignored/>
  </testcase> <!-- verify4wRolloverPolicyPurchageWithReliance -->
  <testcase name="verify4wBreakinPolicyPurchageWithDigit" time="0.0" classname="webqa.ensurity.testCases.FourWheeler">
    <ignored/>
  </testcase> <!-- verify4wBreakinPolicyPurchageWithDigit -->
  <testcase name="verify4wRolloverPolicyPurchageWithDigit" time="0.0" classname="webqa.ensurity.testCases.FourWheeler">
    <ignored/>
  </testcase> <!-- verify4wRolloverPolicyPurchageWithDigit -->
</testsuite> <!-- Web-Automation -->
